<?xml version="1.0" encoding="UTF-8"?>
<!-- Generated by org.testng.reporters.JUnitReportReporter -->
<testsuite hostname="IND_PSHARMA" failures="0" tests="6" name="prefcard_Selnium.ExportTestNg" time="561.776" errors="0" timestamp="2021-05-05T13:11:39 IST" skipped="0">
  <testcase classname="prefcard_Selnium.ExportTestNg" name="login_TC" time="26.274"/>
  <system-out/>
  <testcase classname="prefcard_Selnium.ExportTestNg" name="selectOneCard" time="30.745"/>
  <system-out/>
  <testcase classname="prefcard_Selnium.ExportTestNg" name="selectthisPages" time="25.393"/>
  <system-out/>
  <testcase classname="prefcard_Selnium.ExportTestNg" name="selectAllPages" time="25.545"/>
  <system-out/>
  <testcase classname="prefcard_Selnium.ExportTestNg" name="Select20Cards" time="221.819"/>
  <system-out/>
  <testcase classname="prefcard_Selnium.ExportTestNg" name="Select21Cards" time="232.000"/>
  <system-out/>
</testsuite> <!-- prefcard_Selnium.ExportTestNg -->
