<?xml version="1.0" encoding="UTF-8"?>
<!-- Generated by org.testng.reporters.JUnitReportReporter -->
<testsuite hostname="IND_PSHARMA" failures="0" tests="2" name="selenium.FirstTestNg" time="46.295" errors="0" timestamp="2021-04-05T16:52:21 IST" skipped="0">
  <testcase classname="selenium.FirstTestNg" name="login_TC" time="10.393"/>
  <system-out/>
  <testcase classname="selenium.FirstTestNg" name="excelDownload" time="35.902"/>
  <system-out/>
</testsuite> <!-- selenium.FirstTestNg -->
