<?xml version="1.0" encoding="UTF-8"?>
<!-- Generated by org.testng.reporters.JUnitReportReporter -->
<testsuite hostname="IND_PSHARMA" failures="0" tests="3" name="prefcard_Selnium.ImportTestNg2" time="41.534" errors="0" timestamp="2021-05-10T11:21:26 IST" skipped="0">
  <testcase classname="prefcard_Selnium.ImportTestNg2" name="login_TC" time="25.951"/>
  <system-out/>
  <testcase classname="prefcard_Selnium.ImportTestNg2" name="importFile" time="15.340"/>
  <system-out/>
  <testcase classname="prefcard_Selnium.ImportTestNg2" name="watchVideo" time="0.243"/>
  <system-out/>
</testsuite> <!-- prefcard_Selnium.ImportTestNg2 -->
